<?xml version="1.0" encoding="UTF-8"?>
<!-- Generated by org.testng.reporters.JUnitReportReporter -->
<testsuite hostname="sergio_rm13" failures="0" tests="3" name="test.Day4" time="0.003" errors="0" timestamp="2024-10-19T17:30:58 CEST" skipped="0">
  <testcase classname="test.Day4" name="MobileLoginHomeLoan" time="0.001"/>
  <system-out/>
  <testcase classname="test.Day4" name="WebLoginHomeLoan" time="0.001"/>
  <system-out/>
  <testcase classname="test.Day4" name="LoginAPIHomeLoan" time="0.001"/>
  <system-out/>
</testsuite> <!-- test.Day4 -->
