<?xml version="1.0" encoding="UTF-8"?>
<!-- Generated by org.testng.reporters.JUnitReportReporter -->
<testsuite hostname="sergio_rm13" failures="0" tests="6" name="test.Day3" time="0.011" errors="0" timestamp="2024-10-19T17:30:58 CEST" skipped="1">
  <testcase classname="test.Day3" name="WebLoginCarLoan" time="0.002"/>
  <system-out/>
  <testcase classname="test.Day3" name="MobileSignOutCarLoan" time="0.001"/>
  <system-out/>
  <testcase classname="test.Day3" name="MobileSignOutCarLoan" time="0.001"/>
  <system-out/>
  <testcase classname="test.Day3" name="MobileLoginCarLoan" time="0.004"/>
  <system-out/>
  <testcase classname="test.Day3" name="MobileSignOutCarLoan" time="0.003"/>
  <system-out/>
  <testcase classname="test.Day3" name="MobileSignimCarLoan">
    <skipped/>
  </testcase> <!-- MobileSignimCarLoan -->
  <system-out/>
</testsuite> <!-- test.Day3 -->
