<?xml version="1.0" encoding="UTF-8"?>
<!-- Generated by org.testng.reporters.JUnitReportReporter -->
<testsuite hostname="sergio_rm13" failures="0" tests="1" name="test.Day2" time="0.000" errors="0" timestamp="2024-10-19T17:30:58 CEST" skipped="0">
  <testcase classname="test.Day2" name="ploan" time="0.000"/>
  <system-out/>
</testsuite> <!-- test.Day2 -->
